android/app/build/intermediates/manifest_merge_blame_file/debug/manifest-merger-blame-debug-report.txt
1<?xml version="1.0" encoding="utf-8"?>
2<manifest xmlns:android="http://schemas.android.com/apk/res/android"
3    package="com.mobliegis"
4    android:versionCode="1"
5    android:versionName="1.0" >
6
7    <uses-sdk
8        android:minSdkVersion="21"
9        android:targetSdkVersion="30" />
10
11    <uses-permission android:name="android.permission.SYSTEM_ALERT_WINDOW" />
11-->src/main/AndroidManifest.xml:5:3-75
11-->src/main/AndroidManifest.xml:5:20-73
12    <uses-permission android:name="android.permission.INTERNET" />
12-->src/main/AndroidManifest.xml:3:3-64
12-->src/main/AndroidManifest.xml:3:20-62
13    <uses-permission android:name="android.permission.READ_PHONE_STATE" />
13-->src/main/AndroidManifest.xml:6:3-72
13-->src/main/AndroidManifest.xml:6:20-70
14    <uses-permission android:name="android.permission.VIBRATE" />
14-->src/main/AndroidManifest.xml:7:3-63
14-->src/main/AndroidManifest.xml:7:20-61
15    <uses-permission android:name="android.permission.MODIFY_AUDIO_SETTINGS" /> <!-- These require runtime permissions on M -->
15-->src/main/AndroidManifest.xml:8:3-77
15-->src/main/AndroidManifest.xml:8:20-75
16    <uses-permission android:name="android.permission.READ_EXTERNAL_STORAGE" />
16-->src/main/AndroidManifest.xml:10:3-77
16-->src/main/AndroidManifest.xml:10:20-75
17    <uses-permission android:name="android.permission.WRITE_EXTERNAL_STORAGE" />
17-->src/main/AndroidManifest.xml:11:3-78
17-->src/main/AndroidManifest.xml:11:20-76
18    <uses-permission android:name="android.permission.ACCESS_WIFI_STATE" />
18-->[com.facebook.flipper:flipper:0.54.0] AndroidManifest.xml:16:5-76
18-->[com.facebook.flipper:flipper:0.54.0] AndroidManifest.xml:16:22-73
19    <uses-permission android:name="android.permission.ACCESS_NETWORK_STATE" />
19-->[:expo-updates] AndroidManifest.xml:11:5-79
19-->[:expo-updates] AndroidManifest.xml:11:22-76
20    <uses-permission android:name="android.permission.ACCESS_COARSE_LOCATION" />
20-->[:react-native-maps] AndroidManifest.xml:10:5-81
20-->[:react-native-maps] AndroidManifest.xml:10:22-78
21
22    <uses-feature
22-->[com.google.android.gms:play-services-maps:17.0.0] AndroidManifest.xml:26:5-28:35
23        android:glEsVersion="0x00020000"
23-->[com.google.android.gms:play-services-maps:17.0.0] AndroidManifest.xml:27:9-41
24        android:required="true" />
24-->[com.google.android.gms:play-services-maps:17.0.0] AndroidManifest.xml:28:9-32
25
26    <uses-permission android:name="com.google.android.finsky.permission.BIND_GET_INSTALL_REFERRER_SERVICE" />
26-->[com.android.installreferrer:installreferrer:1.0] AndroidManifest.xml:9:5-110
26-->[com.android.installreferrer:installreferrer:1.0] AndroidManifest.xml:9:22-107
27
28    <application
28-->src/main/AndroidManifest.xml:13:3-40:17
29        android:name="com.mobliegis.MainApplication"
29-->src/main/AndroidManifest.xml:14:5-36
30        android:allowBackup="false"
30-->src/main/AndroidManifest.xml:18:5-32
31        android:appComponentFactory="androidx.core.app.CoreComponentFactory"
31-->[androidx.core:core:1.3.0] AndroidManifest.xml:24:18-86
32        android:debuggable="true"
33        android:icon="@mipmap/ic_launcher"
33-->src/main/AndroidManifest.xml:16:5-39
34        android:label="@string/app_name"
34-->src/main/AndroidManifest.xml:15:5-37
35        android:roundIcon="@mipmap/ic_launcher_round"
35-->src/main/AndroidManifest.xml:17:5-50
36        android:theme="@style/AppTheme"
36-->src/main/AndroidManifest.xml:19:5-36
37        android:usesCleartextTraffic="true" >
37-->src/debug/AndroidManifest.xml:6:18-53
38        <meta-data
38-->src/main/AndroidManifest.xml:21:8-22:66
39            android:name="com.google.android.geo.API_KEY"
39-->src/main/AndroidManifest.xml:21:19-64
40            android:value="AIzaSyBxalJ5jJ2K-qJ7KNqZ3qlrJ1-XFcbD5b4" /> <!-- You will only need to add this meta-data tag, but make sure it's a child of application -->
40-->src/main/AndroidManifest.xml:22:9-64
41        <meta-data
41-->src/main/AndroidManifest.xml:24:5-103
42            android:name="expo.modules.updates.EXPO_UPDATE_URL"
42-->src/main/AndroidManifest.xml:24:16-67
43            android:value="YOUR-APP-URL-HERE" />
43-->src/main/AndroidManifest.xml:24:68-101
44        <meta-data
44-->src/main/AndroidManifest.xml:25:5-112
45            android:name="expo.modules.updates.EXPO_SDK_VERSION"
45-->src/main/AndroidManifest.xml:25:16-68
46            android:value="YOUR-APP-SDK-VERSION-HERE" />
46-->src/main/AndroidManifest.xml:25:69-110
47
48        <activity
48-->src/main/AndroidManifest.xml:26:5-38:16
49            android:name="com.mobliegis.MainActivity"
49-->src/main/AndroidManifest.xml:27:7-35
50            android:configChanges="keyboard|keyboardHidden|orientation|screenSize|uiMode"
50-->src/main/AndroidManifest.xml:29:7-84
51            android:label="@string/app_name"
51-->src/main/AndroidManifest.xml:28:7-39
52            android:launchMode="singleTask"
52-->src/main/AndroidManifest.xml:30:7-38
53            android:theme="@style/Theme.App.SplashScreen"
53-->src/main/AndroidManifest.xml:32:7-52
54            android:windowSoftInputMode="adjustResize" >
54-->src/main/AndroidManifest.xml:31:7-49
55            <intent-filter>
55-->src/main/AndroidManifest.xml:34:7-37:23
56                <action android:name="android.intent.action.MAIN" />
56-->src/main/AndroidManifest.xml:35:9-60
56-->src/main/AndroidManifest.xml:35:17-58
57
58                <category android:name="android.intent.category.LAUNCHER" />
58-->src/main/AndroidManifest.xml:36:9-68
58-->src/main/AndroidManifest.xml:36:19-66
59            </intent-filter>
60        </activity>
61        <activity android:name="com.facebook.react.devsupport.DevSettingsActivity" />
61-->src/main/AndroidManifest.xml:39:5-81
61-->src/main/AndroidManifest.xml:39:15-79
62
63        <meta-data
63-->[:unimodules-react-native-adapter] AndroidManifest.xml:12:9-14:91
64            android:name="org.unimodules.core.AppLoader#react-native-headless"
64-->[:unimodules-react-native-adapter] AndroidManifest.xml:13:13-79
65            android:value="org.unimodules.adapters.react.apploader.RNHeadlessAppLoader" />
65-->[:unimodules-react-native-adapter] AndroidManifest.xml:14:13-88
66
67        <provider
67-->[:expo-file-system] AndroidManifest.xml:17:9-26:20
68            android:name="expo.modules.filesystem.FileSystemFileProvider"
68-->[:expo-file-system] AndroidManifest.xml:18:13-74
69            android:authorities="com.mobliegis.FileSystemFileProvider"
69-->[:expo-file-system] AndroidManifest.xml:19:13-74
70            android:exported="false"
70-->[:expo-file-system] AndroidManifest.xml:20:13-37
71            android:grantUriPermissions="true" >
71-->[:expo-file-system] AndroidManifest.xml:21:13-47
72            <meta-data
72-->[:expo-file-system] AndroidManifest.xml:23:13-25:70
73                android:name="android.support.FILE_PROVIDER_PATHS"
73-->[:expo-file-system] AndroidManifest.xml:24:17-67
74                android:resource="@xml/file_system_provider_paths" />
74-->[:expo-file-system] AndroidManifest.xml:25:17-67
75        </provider> <!-- Needs to be explicitly declared on P+ -->
76        <uses-library
76-->[com.google.android.gms:play-services-maps:17.0.0] AndroidManifest.xml:33:9-35:40
77            android:name="org.apache.http.legacy"
77-->[com.google.android.gms:play-services-maps:17.0.0] AndroidManifest.xml:34:13-50
78            android:required="false" />
78-->[com.google.android.gms:play-services-maps:17.0.0] AndroidManifest.xml:35:13-37
79
80        <activity
80-->[com.google.android.gms:play-services-base:17.0.0] AndroidManifest.xml:23:9-26:75
81            android:name="com.google.android.gms.common.api.GoogleApiActivity"
81-->[com.google.android.gms:play-services-base:17.0.0] AndroidManifest.xml:24:13-79
82            android:exported="false"
82-->[com.google.android.gms:play-services-base:17.0.0] AndroidManifest.xml:25:13-37
83            android:theme="@android:style/Theme.Translucent.NoTitleBar" />
83-->[com.google.android.gms:play-services-base:17.0.0] AndroidManifest.xml:26:13-72
84
85        <meta-data
85-->[com.google.android.gms:play-services-basement:17.0.0] AndroidManifest.xml:23:9-25:69
86            android:name="com.google.android.gms.version"
86-->[com.google.android.gms:play-services-basement:17.0.0] AndroidManifest.xml:24:13-58
87            android:value="@integer/google_play_services_version" />
87-->[com.google.android.gms:play-services-basement:17.0.0] AndroidManifest.xml:25:13-66
88
89        <service
89-->[androidx.room:room-runtime:2.1.0] AndroidManifest.xml:25:9-27:40
90            android:name="androidx.room.MultiInstanceInvalidationService"
90-->[androidx.room:room-runtime:2.1.0] AndroidManifest.xml:26:13-74
91            android:exported="false" />
91-->[androidx.room:room-runtime:2.1.0] AndroidManifest.xml:27:13-37
92    </application>
93
94</manifest>